Mar 6, 2014 9:03:03 PM org.apache.catalina.core.AprLifecycleListener init
INFO: The APR based Apache Tomcat Native library which allows optimal performance in production environments was not found on the java.library.path: .:/Library/Java/Extensions:/System/Library/Java/Extensions:/usr/lib/java
Mar 6, 2014 9:03:03 PM org.apache.coyote.http11.Http11Protocol init
INFO: Initializing Coyote HTTP/1.1 on http-8080
Mar 6, 2014 9:03:03 PM org.apache.catalina.startup.Catalina load
INFO: Initialization processed in 382 ms
Mar 6, 2014 9:03:03 PM org.apache.catalina.core.StandardService start
INFO: Starting service Catalina
Mar 6, 2014 9:03:03 PM org.apache.catalina.core.StandardEngine start
INFO: Starting Servlet Engine: Apache Tomcat/6.0.39
Mar 6, 2014 9:03:03 PM org.apache.catalina.startup.HostConfig deployWAR
INFO: Deploying web application archive server-1.0-SNAPSHOT.war
SLF4J: Failed to load class "org.slf4j.impl.StaticLoggerBinder".
SLF4J: Defaulting to no-operation (NOP) logger implementation
SLF4J: See http://www.slf4j.org/codes.html#StaticLoggerBinder for further details.
Mar 6, 2014 9:03:08 PM org.apache.catalina.startup.HostConfig deployDirectory
INFO: Deploying web application directory docs
Mar 6, 2014 9:03:08 PM org.apache.catalina.startup.HostConfig deployDirectory
INFO: Deploying web application directory examples
Mar 6, 2014 9:03:08 PM org.apache.catalina.startup.HostConfig deployDirectory
INFO: Deploying web application directory host-manager
Mar 6, 2014 9:03:08 PM org.apache.catalina.startup.HostConfig deployDirectory
INFO: Deploying web application directory manager
Mar 6, 2014 9:03:08 PM org.apache.catalina.startup.HostConfig deployDirectory
INFO: Deploying web application directory ROOT
Mar 6, 2014 9:03:08 PM org.apache.coyote.http11.Http11Protocol start
INFO: Starting Coyote HTTP/1.1 on http-8080
Mar 6, 2014 9:03:08 PM org.apache.jk.common.ChannelSocket init
INFO: JK: ajp13 listening on /0.0.0.0:8009
Mar 6, 2014 9:03:08 PM org.apache.jk.server.JkMain start
INFO: Jk running ID=0 time=0/13  config=null
Mar 6, 2014 9:03:08 PM org.apache.catalina.startup.Catalina start
INFO: Server startup in 5317 ms
Mar 6, 2014 9:04:13 PM org.apache.coyote.http11.Http11Protocol pause
INFO: Pausing Coyote HTTP/1.1 on http-8080
Mar 6, 2014 9:04:14 PM org.apache.catalina.core.StandardService stop
INFO: Stopping service Catalina
Mar 6, 2014 9:04:14 PM org.apache.catalina.loader.WebappClassLoader clearReferencesJdbc
SEVERE: The web application [/server-1.0-SNAPSHOT] registered the JDBC driver [org.h2.Driver] but failed to unregister it when the web application was stopped. To prevent a memory leak, the JDBC Driver has been forcibly unregistered.
Mar 6, 2014 9:04:14 PM org.apache.catalina.loader.WebappClassLoader clearReferencesThreads
SEVERE: The web application [/server-1.0-SNAPSHOT] appears to have started a thread named [H2 File Lock Watchdog /Users/AndySmith/test.lock.db] but has failed to stop it. This is very likely to create a memory leak.
Mar 6, 2014 9:04:14 PM org.apache.catalina.loader.WebappClassLoader clearReferencesThreads
SEVERE: The web application [/server-1.0-SNAPSHOT] appears to have started a thread named [H2 Log Writer TEST] but has failed to stop it. This is very likely to create a memory leak.
Mar 6, 2014 9:04:15 PM org.apache.coyote.http11.Http11Protocol destroy
INFO: Stopping Coyote HTTP/1.1 on http-8080
Mar 6, 2014 9:04:28 PM org.apache.catalina.core.AprLifecycleListener init
INFO: The APR based Apache Tomcat Native library which allows optimal performance in production environments was not found on the java.library.path: .:/Library/Java/Extensions:/System/Library/Java/Extensions:/usr/lib/java
Mar 6, 2014 9:04:28 PM org.apache.coyote.http11.Http11Protocol init
INFO: Initializing Coyote HTTP/1.1 on http-8080
Mar 6, 2014 9:04:28 PM org.apache.catalina.startup.Catalina load
INFO: Initialization processed in 387 ms
Mar 6, 2014 9:04:28 PM org.apache.catalina.core.StandardService start
INFO: Starting service Catalina
Mar 6, 2014 9:04:28 PM org.apache.catalina.core.StandardEngine start
INFO: Starting Servlet Engine: Apache Tomcat/6.0.39
Mar 6, 2014 9:04:28 PM org.apache.catalina.startup.HostConfig deployDescriptor
INFO: Deploying configuration descriptor host-manager.xml
Mar 6, 2014 9:04:28 PM org.apache.catalina.startup.HostConfig deployDescriptor
INFO: Deploying configuration descriptor manager.xml
Mar 6, 2014 9:04:29 PM org.apache.catalina.startup.HostConfig deployWAR
INFO: Deploying web application archive exercise.war
SLF4J: Failed to load class "org.slf4j.impl.StaticLoggerBinder".
SLF4J: Defaulting to no-operation (NOP) logger implementation
SLF4J: See http://www.slf4j.org/codes.html#StaticLoggerBinder for further details.
Mar 6, 2014 9:04:31 PM org.apache.catalina.startup.HostConfig deployDirectory
INFO: Deploying web application directory docs
Mar 6, 2014 9:04:31 PM org.apache.catalina.startup.HostConfig deployDirectory
INFO: Deploying web application directory examples
Mar 6, 2014 9:04:31 PM org.apache.catalina.startup.HostConfig deployDirectory
INFO: Deploying web application directory ROOT
Mar 6, 2014 9:04:31 PM org.apache.coyote.http11.Http11Protocol start
INFO: Starting Coyote HTTP/1.1 on http-8080
Mar 6, 2014 9:04:31 PM org.apache.jk.common.ChannelSocket init
INFO: JK: ajp13 listening on /0.0.0.0:8009
Mar 6, 2014 9:04:31 PM org.apache.jk.server.JkMain start
INFO: Jk running ID=0 time=0/13  config=null
Mar 6, 2014 9:04:31 PM org.apache.catalina.startup.Catalina start
INFO: Server startup in 3179 ms
Hibernate: select this_.ID as ID0_0_, this_.city as city0_0_, this_.country as country0_0_, this_.county as county0_0_, this_.forename as forename0_0_, this_.postalCode as postalCode0_0_, this_.street as street0_0_, this_.surname as surname0_0_ from CONTACT this_ order by this_.forename asc
Hibernate: insert into CONTACT (ID, city, country, county, forename, postalCode, street, surname) values (null, ?, ?, ?, ?, ?, ?, ?)
Hibernate: update CONTACT set city=?, country=?, county=?, forename=?, postalCode=?, street=?, surname=? where ID=?
Hibernate: select this_.ID as ID0_0_, this_.city as city0_0_, this_.country as country0_0_, this_.county as county0_0_, this_.forename as forename0_0_, this_.postalCode as postalCode0_0_, this_.street as street0_0_, this_.surname as surname0_0_ from CONTACT this_ order by this_.forename asc
Hibernate: select contact0_.ID as ID0_0_, contact0_.city as city0_0_, contact0_.country as country0_0_, contact0_.county as county0_0_, contact0_.forename as forename0_0_, contact0_.postalCode as postalCode0_0_, contact0_.street as street0_0_, contact0_.surname as surname0_0_ from CONTACT contact0_ where contact0_.ID=?
